[16-May-2020 01:26:20 UTC] PHP Deprecated:  strpos(): Non-string needles will be interpreted as strings in the future. Use an explicit chr() call to preserve the current behavior in C:\UwAmp\www\xbtitfm3.1\btemplate\bTemplate.php on line 105
[16-May-2020 01:26:20 UTC] PHP Warning:  Use of undefined constant SHOUTBOX - assumed 'SHOUTBOX' (this will throw an Error in a future version of PHP) in C:\UwAmp\www\xbtitfm3.1\blocks\ajax_shoutbox_block.php on line 63
[16-May-2020 01:26:20 UTC] PHP Deprecated:  The each() function is deprecated. This message will be suppressed on further calls in C:\UwAmp\www\xbtitfm3.1\blocks\ajax_shoutbox_block.php on line 87
[16-May-2020 01:26:21 UTC] PHP Warning:  Use of undefined constant TOP_TORRENTS - assumed 'TOP_TORRENTS' (this will throw an Error in a future version of PHP) in C:\UwAmp\www\xbtitfm3.1\blocks\toptorrents_block.php on line 41
[16-May-2020 01:26:22 UTC] PHP Deprecated:  strpos(): Non-string needles will be interpreted as strings in the future. Use an explicit chr() call to preserve the current behavior in C:\UwAmp\www\xbtitfm3.1\btemplate\bTemplate.php on line 105
[16-May-2020 01:26:22 UTC] PHP Deprecated:  strpos(): Non-string needles will be interpreted as strings in the future. Use an explicit chr() call to preserve the current behavior in C:\UwAmp\www\xbtitfm3.1\btemplate\bTemplate.php on line 105
[16-May-2020 01:29:07 UTC] PHP Warning:  session_name(): Cannot change session name when session is active in C:\UwAmp\www\xbtitfm3.1\account_change.php on line 50
[16-May-2020 01:29:10 UTC] PHP Deprecated:  strpos(): Non-string needles will be interpreted as strings in the future. Use an explicit chr() call to preserve the current behavior in C:\UwAmp\www\xbtitfm3.1\btemplate\bTemplate.php on line 105
[16-May-2020 01:29:10 UTC] PHP Warning:  Use of undefined constant SHOUTBOX - assumed 'SHOUTBOX' (this will throw an Error in a future version of PHP) in C:\UwAmp\www\xbtitfm3.1\blocks\ajax_shoutbox_block.php on line 63
[16-May-2020 01:29:10 UTC] PHP Deprecated:  The each() function is deprecated. This message will be suppressed on further calls in C:\UwAmp\www\xbtitfm3.1\blocks\ajax_shoutbox_block.php on line 87
[16-May-2020 01:29:10 UTC] PHP Warning:  Use of undefined constant TOP_TORRENTS - assumed 'TOP_TORRENTS' (this will throw an Error in a future version of PHP) in C:\UwAmp\www\xbtitfm3.1\blocks\toptorrents_block.php on line 41
[16-May-2020 01:29:10 UTC] PHP Deprecated:  strpos(): Non-string needles will be interpreted as strings in the future. Use an explicit chr() call to preserve the current behavior in C:\UwAmp\www\xbtitfm3.1\btemplate\bTemplate.php on line 105
[16-May-2020 01:29:10 UTC] PHP Deprecated:  strpos(): Non-string needles will be interpreted as strings in the future. Use an explicit chr() call to preserve the current behavior in C:\UwAmp\www\xbtitfm3.1\btemplate\bTemplate.php on line 105
[16-May-2020 01:29:23 UTC] PHP Warning:  session_name(): Cannot change session name when session is active in C:\UwAmp\www\xbtitfm3.1\account_change.php on line 50
[16-May-2020 01:29:24 UTC] PHP Deprecated:  strpos(): Non-string needles will be interpreted as strings in the future. Use an explicit chr() call to preserve the current behavior in C:\UwAmp\www\xbtitfm3.1\btemplate\bTemplate.php on line 105
[16-May-2020 01:29:24 UTC] PHP Warning:  Use of undefined constant SHOUTBOX - assumed 'SHOUTBOX' (this will throw an Error in a future version of PHP) in C:\UwAmp\www\xbtitfm3.1\blocks\ajax_shoutbox_block.php on line 63
[16-May-2020 01:29:24 UTC] PHP Deprecated:  The each() function is deprecated. This message will be suppressed on further calls in C:\UwAmp\www\xbtitfm3.1\blocks\ajax_shoutbox_block.php on line 87
[16-May-2020 01:29:24 UTC] PHP Warning:  Use of undefined constant TOP_TORRENTS - assumed 'TOP_TORRENTS' (this will throw an Error in a future version of PHP) in C:\UwAmp\www\xbtitfm3.1\blocks\toptorrents_block.php on line 41
[16-May-2020 01:29:24 UTC] PHP Deprecated:  strpos(): Non-string needles will be interpreted as strings in the future. Use an explicit chr() call to preserve the current behavior in C:\UwAmp\www\xbtitfm3.1\btemplate\bTemplate.php on line 105
[16-May-2020 01:29:24 UTC] PHP Deprecated:  strpos(): Non-string needles will be interpreted as strings in the future. Use an explicit chr() call to preserve the current behavior in C:\UwAmp\www\xbtitfm3.1\btemplate\bTemplate.php on line 105
[16-May-2020 01:29:31 UTC] PHP Warning:  session_name(): Cannot change session name when session is active in C:\UwAmp\www\xbtitfm3.1\account_change.php on line 50
[16-May-2020 01:29:32 UTC] PHP Deprecated:  strpos(): Non-string needles will be interpreted as strings in the future. Use an explicit chr() call to preserve the current behavior in C:\UwAmp\www\xbtitfm3.1\btemplate\bTemplate.php on line 105
[16-May-2020 01:29:32 UTC] PHP Warning:  Use of undefined constant SHOUTBOX - assumed 'SHOUTBOX' (this will throw an Error in a future version of PHP) in C:\UwAmp\www\xbtitfm3.1\blocks\ajax_shoutbox_block.php on line 63
[16-May-2020 01:29:32 UTC] PHP Deprecated:  The each() function is deprecated. This message will be suppressed on further calls in C:\UwAmp\www\xbtitfm3.1\blocks\ajax_shoutbox_block.php on line 87
[16-May-2020 01:29:32 UTC] PHP Warning:  Use of undefined constant TOP_TORRENTS - assumed 'TOP_TORRENTS' (this will throw an Error in a future version of PHP) in C:\UwAmp\www\xbtitfm3.1\blocks\toptorrents_block.php on line 41
[16-May-2020 01:29:32 UTC] PHP Deprecated:  strpos(): Non-string needles will be interpreted as strings in the future. Use an explicit chr() call to preserve the current behavior in C:\UwAmp\www\xbtitfm3.1\btemplate\bTemplate.php on line 105
[16-May-2020 01:29:32 UTC] PHP Deprecated:  strpos(): Non-string needles will be interpreted as strings in the future. Use an explicit chr() call to preserve the current behavior in C:\UwAmp\www\xbtitfm3.1\btemplate\bTemplate.php on line 105
[16-May-2020 01:31:18 UTC] PHP Deprecated:  strpos(): Non-string needles will be interpreted as strings in the future. Use an explicit chr() call to preserve the current behavior in C:\UwAmp\www\xbtitfm3.1\btemplate\bTemplate.php on line 105
[16-May-2020 01:31:18 UTC] PHP Warning:  Use of undefined constant SHOUTBOX - assumed 'SHOUTBOX' (this will throw an Error in a future version of PHP) in C:\UwAmp\www\xbtitfm3.1\blocks\ajax_shoutbox_block.php on line 63
[16-May-2020 01:31:19 UTC] PHP Deprecated:  The each() function is deprecated. This message will be suppressed on further calls in C:\UwAmp\www\xbtitfm3.1\blocks\ajax_shoutbox_block.php on line 87
[16-May-2020 01:31:19 UTC] PHP Warning:  Use of undefined constant TOP_TORRENTS - assumed 'TOP_TORRENTS' (this will throw an Error in a future version of PHP) in C:\UwAmp\www\xbtitfm3.1\blocks\toptorrents_block.php on line 41
[16-May-2020 01:31:19 UTC] PHP Deprecated:  strpos(): Non-string needles will be interpreted as strings in the future. Use an explicit chr() call to preserve the current behavior in C:\UwAmp\www\xbtitfm3.1\btemplate\bTemplate.php on line 105
[16-May-2020 01:31:19 UTC] PHP Deprecated:  strpos(): Non-string needles will be interpreted as strings in the future. Use an explicit chr() call to preserve the current behavior in C:\UwAmp\www\xbtitfm3.1\btemplate\bTemplate.php on line 105
[16-May-2020 01:32:20 UTC] PHP Deprecated:  strpos(): Non-string needles will be interpreted as strings in the future. Use an explicit chr() call to preserve the current behavior in C:\UwAmp\www\xbtitfm3.1\btemplate\bTemplate.php on line 105
[16-May-2020 01:32:20 UTC] PHP Warning:  Use of undefined constant SHOUTBOX - assumed 'SHOUTBOX' (this will throw an Error in a future version of PHP) in C:\UwAmp\www\xbtitfm3.1\blocks\ajax_shoutbox_block.php on line 63
[16-May-2020 01:32:20 UTC] PHP Deprecated:  The each() function is deprecated. This message will be suppressed on further calls in C:\UwAmp\www\xbtitfm3.1\blocks\ajax_shoutbox_block.php on line 87
[16-May-2020 01:32:20 UTC] PHP Warning:  Use of undefined constant TOP_TORRENTS - assumed 'TOP_TORRENTS' (this will throw an Error in a future version of PHP) in C:\UwAmp\www\xbtitfm3.1\blocks\toptorrents_block.php on line 41
[16-May-2020 01:32:20 UTC] PHP Deprecated:  strpos(): Non-string needles will be interpreted as strings in the future. Use an explicit chr() call to preserve the current behavior in C:\UwAmp\www\xbtitfm3.1\btemplate\bTemplate.php on line 105
[16-May-2020 01:32:20 UTC] PHP Deprecated:  strpos(): Non-string needles will be interpreted as strings in the future. Use an explicit chr() call to preserve the current behavior in C:\UwAmp\www\xbtitfm3.1\btemplate\bTemplate.php on line 105
[16-May-2020 01:48:04 UTC] PHP Warning:  session_name(): Cannot change session name when session is active in C:\UwAmp\www\xbtitfm3.1\account_change.php on line 50
[16-May-2020 01:48:10 UTC] PHP Deprecated:  strpos(): Non-string needles will be interpreted as strings in the future. Use an explicit chr() call to preserve the current behavior in C:\UwAmp\www\xbtitfm3.1\btemplate\bTemplate.php on line 105
[16-May-2020 01:48:10 UTC] PHP Warning:  Use of undefined constant SHOUTBOX - assumed 'SHOUTBOX' (this will throw an Error in a future version of PHP) in C:\UwAmp\www\xbtitfm3.1\blocks\ajax_shoutbox_block.php on line 63
[16-May-2020 01:48:10 UTC] PHP Deprecated:  The each() function is deprecated. This message will be suppressed on further calls in C:\UwAmp\www\xbtitfm3.1\blocks\ajax_shoutbox_block.php on line 87
[16-May-2020 01:48:11 UTC] PHP Warning:  Use of undefined constant TOP_TORRENTS - assumed 'TOP_TORRENTS' (this will throw an Error in a future version of PHP) in C:\UwAmp\www\xbtitfm3.1\blocks\toptorrents_block.php on line 41
[16-May-2020 01:48:11 UTC] PHP Deprecated:  strpos(): Non-string needles will be interpreted as strings in the future. Use an explicit chr() call to preserve the current behavior in C:\UwAmp\www\xbtitfm3.1\btemplate\bTemplate.php on line 105
[16-May-2020 01:48:11 UTC] PHP Deprecated:  strpos(): Non-string needles will be interpreted as strings in the future. Use an explicit chr() call to preserve the current behavior in C:\UwAmp\www\xbtitfm3.1\btemplate\bTemplate.php on line 105
[16-May-2020 01:53:58 UTC] PHP Warning:  session_name(): Cannot change session name when session is active in C:\UwAmp\www\xbtitfm3.1\account_change.php on line 50
[16-May-2020 01:53:59 UTC] PHP Deprecated:  strpos(): Non-string needles will be interpreted as strings in the future. Use an explicit chr() call to preserve the current behavior in C:\UwAmp\www\xbtitfm3.1\btemplate\bTemplate.php on line 105
[16-May-2020 01:53:59 UTC] PHP Warning:  Use of undefined constant SHOUTBOX - assumed 'SHOUTBOX' (this will throw an Error in a future version of PHP) in C:\UwAmp\www\xbtitfm3.1\blocks\ajax_shoutbox_block.php on line 63
[16-May-2020 01:53:59 UTC] PHP Deprecated:  The each() function is deprecated. This message will be suppressed on further calls in C:\UwAmp\www\xbtitfm3.1\blocks\ajax_shoutbox_block.php on line 87
[16-May-2020 01:53:59 UTC] PHP Warning:  Use of undefined constant TOP_TORRENTS - assumed 'TOP_TORRENTS' (this will throw an Error in a future version of PHP) in C:\UwAmp\www\xbtitfm3.1\blocks\toptorrents_block.php on line 41
[16-May-2020 01:53:59 UTC] PHP Deprecated:  strpos(): Non-string needles will be interpreted as strings in the future. Use an explicit chr() call to preserve the current behavior in C:\UwAmp\www\xbtitfm3.1\btemplate\bTemplate.php on line 105
[16-May-2020 01:53:59 UTC] PHP Deprecated:  strpos(): Non-string needles will be interpreted as strings in the future. Use an explicit chr() call to preserve the current behavior in C:\UwAmp\www\xbtitfm3.1\btemplate\bTemplate.php on line 105
[16-May-2020 01:54:11 UTC] PHP Warning:  session_name(): Cannot change session name when session is active in C:\UwAmp\www\xbtitfm3.1\account_change.php on line 50
[16-May-2020 01:54:12 UTC] PHP Deprecated:  strpos(): Non-string needles will be interpreted as strings in the future. Use an explicit chr() call to preserve the current behavior in C:\UwAmp\www\xbtitfm3.1\btemplate\bTemplate.php on line 105
[16-May-2020 01:54:12 UTC] PHP Warning:  Use of undefined constant SHOUTBOX - assumed 'SHOUTBOX' (this will throw an Error in a future version of PHP) in C:\UwAmp\www\xbtitfm3.1\blocks\ajax_shoutbox_block.php on line 63
[16-May-2020 01:54:12 UTC] PHP Deprecated:  The each() function is deprecated. This message will be suppressed on further calls in C:\UwAmp\www\xbtitfm3.1\blocks\ajax_shoutbox_block.php on line 87
[16-May-2020 01:54:12 UTC] PHP Warning:  Use of undefined constant TOP_TORRENTS - assumed 'TOP_TORRENTS' (this will throw an Error in a future version of PHP) in C:\UwAmp\www\xbtitfm3.1\blocks\toptorrents_block.php on line 41
[16-May-2020 01:54:12 UTC] PHP Deprecated:  strpos(): Non-string needles will be interpreted as strings in the future. Use an explicit chr() call to preserve the current behavior in C:\UwAmp\www\xbtitfm3.1\btemplate\bTemplate.php on line 105
[16-May-2020 01:54:12 UTC] PHP Deprecated:  strpos(): Non-string needles will be interpreted as strings in the future. Use an explicit chr() call to preserve the current behavior in C:\UwAmp\www\xbtitfm3.1\btemplate\bTemplate.php on line 105
[16-May-2020 01:54:21 UTC] PHP Warning:  session_name(): Cannot change session name when session is active in C:\UwAmp\www\xbtitfm3.1\account_change.php on line 50
[16-May-2020 01:54:22 UTC] PHP Deprecated:  strpos(): Non-string needles will be interpreted as strings in the future. Use an explicit chr() call to preserve the current behavior in C:\UwAmp\www\xbtitfm3.1\btemplate\bTemplate.php on line 105
[16-May-2020 01:54:22 UTC] PHP Warning:  Use of undefined constant SHOUTBOX - assumed 'SHOUTBOX' (this will throw an Error in a future version of PHP) in C:\UwAmp\www\xbtitfm3.1\blocks\ajax_shoutbox_block.php on line 63
[16-May-2020 01:54:22 UTC] PHP Deprecated:  The each() function is deprecated. This message will be suppressed on further calls in C:\UwAmp\www\xbtitfm3.1\blocks\ajax_shoutbox_block.php on line 87
[16-May-2020 01:54:22 UTC] PHP Warning:  Use of undefined constant TOP_TORRENTS - assumed 'TOP_TORRENTS' (this will throw an Error in a future version of PHP) in C:\UwAmp\www\xbtitfm3.1\blocks\toptorrents_block.php on line 41
[16-May-2020 01:54:22 UTC] PHP Deprecated:  strpos(): Non-string needles will be interpreted as strings in the future. Use an explicit chr() call to preserve the current behavior in C:\UwAmp\www\xbtitfm3.1\btemplate\bTemplate.php on line 105
[16-May-2020 01:54:22 UTC] PHP Deprecated:  strpos(): Non-string needles will be interpreted as strings in the future. Use an explicit chr() call to preserve the current behavior in C:\UwAmp\www\xbtitfm3.1\btemplate\bTemplate.php on line 105
[16-May-2020 01:58:25 UTC] PHP Warning:  session_name(): Cannot change session name when session is active in C:\UwAmp\www\xbtitfm3.1\account_change.php on line 50
[16-May-2020 01:58:26 UTC] PHP Deprecated:  strpos(): Non-string needles will be interpreted as strings in the future. Use an explicit chr() call to preserve the current behavior in C:\UwAmp\www\xbtitfm3.1\btemplate\bTemplate.php on line 105
[16-May-2020 01:58:26 UTC] PHP Warning:  Use of undefined constant SHOUTBOX - assumed 'SHOUTBOX' (this will throw an Error in a future version of PHP) in C:\UwAmp\www\xbtitfm3.1\blocks\ajax_shoutbox_block.php on line 63
[16-May-2020 01:58:26 UTC] PHP Deprecated:  The each() function is deprecated. This message will be suppressed on further calls in C:\UwAmp\www\xbtitfm3.1\blocks\ajax_shoutbox_block.php on line 87
[16-May-2020 01:58:26 UTC] PHP Warning:  Use of undefined constant TOP_TORRENTS - assumed 'TOP_TORRENTS' (this will throw an Error in a future version of PHP) in C:\UwAmp\www\xbtitfm3.1\blocks\toptorrents_block.php on line 41
[16-May-2020 01:58:26 UTC] PHP Deprecated:  strpos(): Non-string needles will be interpreted as strings in the future. Use an explicit chr() call to preserve the current behavior in C:\UwAmp\www\xbtitfm3.1\btemplate\bTemplate.php on line 105
[16-May-2020 01:58:26 UTC] PHP Deprecated:  strpos(): Non-string needles will be interpreted as strings in the future. Use an explicit chr() call to preserve the current behavior in C:\UwAmp\www\xbtitfm3.1\btemplate\bTemplate.php on line 105
[16-May-2020 02:03:59 UTC] PHP Warning:  session_name(): Cannot change session name when session is active in C:\UwAmp\www\xbtitfm3.1\account_change.php on line 50
[16-May-2020 02:04:00 UTC] PHP Deprecated:  strpos(): Non-string needles will be interpreted as strings in the future. Use an explicit chr() call to preserve the current behavior in C:\UwAmp\www\xbtitfm3.1\btemplate\bTemplate.php on line 105
[16-May-2020 02:04:00 UTC] PHP Warning:  Use of undefined constant SHOUTBOX - assumed 'SHOUTBOX' (this will throw an Error in a future version of PHP) in C:\UwAmp\www\xbtitfm3.1\blocks\ajax_shoutbox_block.php on line 63
[16-May-2020 02:04:00 UTC] PHP Deprecated:  The each() function is deprecated. This message will be suppressed on further calls in C:\UwAmp\www\xbtitfm3.1\blocks\ajax_shoutbox_block.php on line 87
[16-May-2020 02:04:00 UTC] PHP Warning:  Use of undefined constant TOP_TORRENTS - assumed 'TOP_TORRENTS' (this will throw an Error in a future version of PHP) in C:\UwAmp\www\xbtitfm3.1\blocks\toptorrents_block.php on line 41
[16-May-2020 02:04:00 UTC] PHP Deprecated:  strpos(): Non-string needles will be interpreted as strings in the future. Use an explicit chr() call to preserve the current behavior in C:\UwAmp\www\xbtitfm3.1\btemplate\bTemplate.php on line 105
[16-May-2020 02:04:00 UTC] PHP Deprecated:  strpos(): Non-string needles will be interpreted as strings in the future. Use an explicit chr() call to preserve the current behavior in C:\UwAmp\www\xbtitfm3.1\btemplate\bTemplate.php on line 105
[16-May-2020 02:06:18 UTC] PHP Warning:  session_name(): Cannot change session name when session is active in C:\UwAmp\www\xbtitfm3.1\account_change.php on line 50
[16-May-2020 02:06:19 UTC] PHP Deprecated:  strpos(): Non-string needles will be interpreted as strings in the future. Use an explicit chr() call to preserve the current behavior in C:\UwAmp\www\xbtitfm3.1\btemplate\bTemplate.php on line 105
[16-May-2020 02:06:19 UTC] PHP Warning:  Use of undefined constant SHOUTBOX - assumed 'SHOUTBOX' (this will throw an Error in a future version of PHP) in C:\UwAmp\www\xbtitfm3.1\blocks\ajax_shoutbox_block.php on line 63
[16-May-2020 02:06:19 UTC] PHP Deprecated:  The each() function is deprecated. This message will be suppressed on further calls in C:\UwAmp\www\xbtitfm3.1\blocks\ajax_shoutbox_block.php on line 87
[16-May-2020 02:06:19 UTC] PHP Warning:  Use of undefined constant TOP_TORRENTS - assumed 'TOP_TORRENTS' (this will throw an Error in a future version of PHP) in C:\UwAmp\www\xbtitfm3.1\blocks\toptorrents_block.php on line 41
[16-May-2020 02:06:19 UTC] PHP Deprecated:  strpos(): Non-string needles will be interpreted as strings in the future. Use an explicit chr() call to preserve the current behavior in C:\UwAmp\www\xbtitfm3.1\btemplate\bTemplate.php on line 105
[16-May-2020 02:06:19 UTC] PHP Deprecated:  strpos(): Non-string needles will be interpreted as strings in the future. Use an explicit chr() call to preserve the current behavior in C:\UwAmp\www\xbtitfm3.1\btemplate\bTemplate.php on line 105
[16-May-2020 02:07:20 UTC] PHP Warning:  session_name(): Cannot change session name when session is active in C:\UwAmp\www\xbtitfm3.1\account_change.php on line 50
[16-May-2020 02:07:20 UTC] PHP Deprecated:  strpos(): Non-string needles will be interpreted as strings in the future. Use an explicit chr() call to preserve the current behavior in C:\UwAmp\www\xbtitfm3.1\btemplate\bTemplate.php on line 105
[16-May-2020 02:07:21 UTC] PHP Warning:  Use of undefined constant SHOUTBOX - assumed 'SHOUTBOX' (this will throw an Error in a future version of PHP) in C:\UwAmp\www\xbtitfm3.1\blocks\ajax_shoutbox_block.php on line 63
[16-May-2020 02:07:21 UTC] PHP Deprecated:  The each() function is deprecated. This message will be suppressed on further calls in C:\UwAmp\www\xbtitfm3.1\blocks\ajax_shoutbox_block.php on line 87
[16-May-2020 02:07:21 UTC] PHP Warning:  Use of undefined constant TOP_TORRENTS - assumed 'TOP_TORRENTS' (this will throw an Error in a future version of PHP) in C:\UwAmp\www\xbtitfm3.1\blocks\toptorrents_block.php on line 41
[16-May-2020 02:07:21 UTC] PHP Deprecated:  strpos(): Non-string needles will be interpreted as strings in the future. Use an explicit chr() call to preserve the current behavior in C:\UwAmp\www\xbtitfm3.1\btemplate\bTemplate.php on line 105
[16-May-2020 02:07:21 UTC] PHP Deprecated:  strpos(): Non-string needles will be interpreted as strings in the future. Use an explicit chr() call to preserve the current behavior in C:\UwAmp\www\xbtitfm3.1\btemplate\bTemplate.php on line 105
[16-May-2020 02:12:46 UTC] PHP Warning:  session_name(): Cannot change session name when session is active in C:\UwAmp\www\xbtitfm3.1\account_change.php on line 50
[16-May-2020 02:12:47 UTC] PHP Deprecated:  strpos(): Non-string needles will be interpreted as strings in the future. Use an explicit chr() call to preserve the current behavior in C:\UwAmp\www\xbtitfm3.1\btemplate\bTemplate.php on line 105
[16-May-2020 02:12:47 UTC] PHP Warning:  Use of undefined constant SHOUTBOX - assumed 'SHOUTBOX' (this will throw an Error in a future version of PHP) in C:\UwAmp\www\xbtitfm3.1\blocks\ajax_shoutbox_block.php on line 63
[16-May-2020 02:12:47 UTC] PHP Deprecated:  The each() function is deprecated. This message will be suppressed on further calls in C:\UwAmp\www\xbtitfm3.1\blocks\ajax_shoutbox_block.php on line 87
[16-May-2020 02:12:47 UTC] PHP Warning:  Use of undefined constant TOP_TORRENTS - assumed 'TOP_TORRENTS' (this will throw an Error in a future version of PHP) in C:\UwAmp\www\xbtitfm3.1\blocks\toptorrents_block.php on line 41
[16-May-2020 02:12:48 UTC] PHP Deprecated:  strpos(): Non-string needles will be interpreted as strings in the future. Use an explicit chr() call to preserve the current behavior in C:\UwAmp\www\xbtitfm3.1\btemplate\bTemplate.php on line 105
[16-May-2020 02:12:48 UTC] PHP Deprecated:  strpos(): Non-string needles will be interpreted as strings in the future. Use an explicit chr() call to preserve the current behavior in C:\UwAmp\www\xbtitfm3.1\btemplate\bTemplate.php on line 105
[16-May-2020 02:14:14 UTC] PHP Deprecated:  strpos(): Non-string needles will be interpreted as strings in the future. Use an explicit chr() call to preserve the current behavior in C:\UwAmp\www\xbtitfm3.1\btemplate\bTemplate.php on line 105
[16-May-2020 02:14:14 UTC] PHP Warning:  Use of undefined constant SHOUTBOX - assumed 'SHOUTBOX' (this will throw an Error in a future version of PHP) in C:\UwAmp\www\xbtitfm3.1\blocks\ajax_shoutbox_block.php on line 63
[16-May-2020 02:14:14 UTC] PHP Deprecated:  The each() function is deprecated. This message will be suppressed on further calls in C:\UwAmp\www\xbtitfm3.1\blocks\ajax_shoutbox_block.php on line 87
[16-May-2020 02:14:14 UTC] PHP Warning:  Use of undefined constant TOP_TORRENTS - assumed 'TOP_TORRENTS' (this will throw an Error in a future version of PHP) in C:\UwAmp\www\xbtitfm3.1\blocks\toptorrents_block.php on line 41
[16-May-2020 02:14:14 UTC] PHP Deprecated:  strpos(): Non-string needles will be interpreted as strings in the future. Use an explicit chr() call to preserve the current behavior in C:\UwAmp\www\xbtitfm3.1\btemplate\bTemplate.php on line 105
[16-May-2020 02:14:14 UTC] PHP Deprecated:  strpos(): Non-string needles will be interpreted as strings in the future. Use an explicit chr() call to preserve the current behavior in C:\UwAmp\www\xbtitfm3.1\btemplate\bTemplate.php on line 105
[16-May-2020 02:15:00 UTC] PHP Deprecated:  strpos(): Non-string needles will be interpreted as strings in the future. Use an explicit chr() call to preserve the current behavior in C:\UwAmp\www\xbtitfm3.1\btemplate\bTemplate.php on line 105
[16-May-2020 02:15:00 UTC] PHP Warning:  Use of undefined constant SHOUTBOX - assumed 'SHOUTBOX' (this will throw an Error in a future version of PHP) in C:\UwAmp\www\xbtitfm3.1\blocks\ajax_shoutbox_block.php on line 63
[16-May-2020 02:15:00 UTC] PHP Deprecated:  The each() function is deprecated. This message will be suppressed on further calls in C:\UwAmp\www\xbtitfm3.1\blocks\ajax_shoutbox_block.php on line 87
[16-May-2020 02:15:01 UTC] PHP Warning:  Use of undefined constant TOP_TORRENTS - assumed 'TOP_TORRENTS' (this will throw an Error in a future version of PHP) in C:\UwAmp\www\xbtitfm3.1\blocks\toptorrents_block.php on line 41
[16-May-2020 02:15:01 UTC] PHP Deprecated:  strpos(): Non-string needles will be interpreted as strings in the future. Use an explicit chr() call to preserve the current behavior in C:\UwAmp\www\xbtitfm3.1\btemplate\bTemplate.php on line 105
[16-May-2020 02:15:01 UTC] PHP Deprecated:  strpos(): Non-string needles will be interpreted as strings in the future. Use an explicit chr() call to preserve the current behavior in C:\UwAmp\www\xbtitfm3.1\btemplate\bTemplate.php on line 105
[16-May-2020 02:17:59 UTC] PHP Deprecated:  strpos(): Non-string needles will be interpreted as strings in the future. Use an explicit chr() call to preserve the current behavior in C:\UwAmp\www\xbtitfm3.1\btemplate\bTemplate.php on line 105
[16-May-2020 02:17:59 UTC] PHP Warning:  Use of undefined constant SHOUTBOX - assumed 'SHOUTBOX' (this will throw an Error in a future version of PHP) in C:\UwAmp\www\xbtitfm3.1\blocks\ajax_shoutbox_block.php on line 63
[16-May-2020 02:17:59 UTC] PHP Deprecated:  The each() function is deprecated. This message will be suppressed on further calls in C:\UwAmp\www\xbtitfm3.1\blocks\ajax_shoutbox_block.php on line 87
[16-May-2020 02:17:59 UTC] PHP Warning:  Use of undefined constant TOP_TORRENTS - assumed 'TOP_TORRENTS' (this will throw an Error in a future version of PHP) in C:\UwAmp\www\xbtitfm3.1\blocks\toptorrents_block.php on line 41
[16-May-2020 02:17:59 UTC] PHP Deprecated:  strpos(): Non-string needles will be interpreted as strings in the future. Use an explicit chr() call to preserve the current behavior in C:\UwAmp\www\xbtitfm3.1\btemplate\bTemplate.php on line 105
[16-May-2020 02:17:59 UTC] PHP Deprecated:  strpos(): Non-string needles will be interpreted as strings in the future. Use an explicit chr() call to preserve the current behavior in C:\UwAmp\www\xbtitfm3.1\btemplate\bTemplate.php on line 105
[16-May-2020 02:19:14 UTC] PHP Deprecated:  strpos(): Non-string needles will be interpreted as strings in the future. Use an explicit chr() call to preserve the current behavior in C:\UwAmp\www\xbtitfm3.1\btemplate\bTemplate.php on line 105
[16-May-2020 02:19:14 UTC] PHP Warning:  Use of undefined constant SHOUTBOX - assumed 'SHOUTBOX' (this will throw an Error in a future version of PHP) in C:\UwAmp\www\xbtitfm3.1\blocks\ajax_shoutbox_block.php on line 63
[16-May-2020 02:19:14 UTC] PHP Deprecated:  The each() function is deprecated. This message will be suppressed on further calls in C:\UwAmp\www\xbtitfm3.1\blocks\ajax_shoutbox_block.php on line 87
[16-May-2020 02:19:14 UTC] PHP Warning:  Use of undefined constant TOP_TORRENTS - assumed 'TOP_TORRENTS' (this will throw an Error in a future version of PHP) in C:\UwAmp\www\xbtitfm3.1\blocks\toptorrents_block.php on line 41
[16-May-2020 02:19:14 UTC] PHP Deprecated:  strpos(): Non-string needles will be interpreted as strings in the future. Use an explicit chr() call to preserve the current behavior in C:\UwAmp\www\xbtitfm3.1\btemplate\bTemplate.php on line 105
[16-May-2020 02:19:14 UTC] PHP Deprecated:  strpos(): Non-string needles will be interpreted as strings in the future. Use an explicit chr() call to preserve the current behavior in C:\UwAmp\www\xbtitfm3.1\btemplate\bTemplate.php on line 105
[16-May-2020 02:21:53 UTC] PHP Deprecated:  strpos(): Non-string needles will be interpreted as strings in the future. Use an explicit chr() call to preserve the current behavior in C:\UwAmp\www\xbtitfm3.1\btemplate\bTemplate.php on line 105
[16-May-2020 02:21:53 UTC] PHP Warning:  Use of undefined constant SHOUTBOX - assumed 'SHOUTBOX' (this will throw an Error in a future version of PHP) in C:\UwAmp\www\xbtitfm3.1\blocks\ajax_shoutbox_block.php on line 63
[16-May-2020 02:21:53 UTC] PHP Deprecated:  The each() function is deprecated. This message will be suppressed on further calls in C:\UwAmp\www\xbtitfm3.1\blocks\ajax_shoutbox_block.php on line 87
[16-May-2020 02:21:53 UTC] PHP Warning:  Use of undefined constant TOP_TORRENTS - assumed 'TOP_TORRENTS' (this will throw an Error in a future version of PHP) in C:\UwAmp\www\xbtitfm3.1\blocks\toptorrents_block.php on line 41
[16-May-2020 02:21:53 UTC] PHP Deprecated:  strpos(): Non-string needles will be interpreted as strings in the future. Use an explicit chr() call to preserve the current behavior in C:\UwAmp\www\xbtitfm3.1\btemplate\bTemplate.php on line 105
[16-May-2020 02:21:53 UTC] PHP Deprecated:  strpos(): Non-string needles will be interpreted as strings in the future. Use an explicit chr() call to preserve the current behavior in C:\UwAmp\www\xbtitfm3.1\btemplate\bTemplate.php on line 105
[16-May-2020 03:06:31 UTC] PHP Deprecated:  strpos(): Non-string needles will be interpreted as strings in the future. Use an explicit chr() call to preserve the current behavior in C:\UwAmp\www\xbtitfm3.1\btemplate\bTemplate.php on line 105
[16-May-2020 03:06:32 UTC] PHP Warning:  Use of undefined constant SHOUTBOX - assumed 'SHOUTBOX' (this will throw an Error in a future version of PHP) in C:\UwAmp\www\xbtitfm3.1\blocks\ajax_shoutbox_block.php on line 63
[16-May-2020 03:06:32 UTC] PHP Deprecated:  The each() function is deprecated. This message will be suppressed on further calls in C:\UwAmp\www\xbtitfm3.1\blocks\ajax_shoutbox_block.php on line 87
[16-May-2020 03:06:33 UTC] PHP Warning:  Use of undefined constant TOP_TORRENTS - assumed 'TOP_TORRENTS' (this will throw an Error in a future version of PHP) in C:\UwAmp\www\xbtitfm3.1\blocks\toptorrents_block.php on line 41
[16-May-2020 03:06:33 UTC] PHP Deprecated:  strpos(): Non-string needles will be interpreted as strings in the future. Use an explicit chr() call to preserve the current behavior in C:\UwAmp\www\xbtitfm3.1\btemplate\bTemplate.php on line 105
[16-May-2020 03:06:33 UTC] PHP Deprecated:  strpos(): Non-string needles will be interpreted as strings in the future. Use an explicit chr() call to preserve the current behavior in C:\UwAmp\www\xbtitfm3.1\btemplate\bTemplate.php on line 105
[16-May-2020 03:09:18 UTC] PHP Deprecated:  strpos(): Non-string needles will be interpreted as strings in the future. Use an explicit chr() call to preserve the current behavior in C:\UwAmp\www\xbtitfm3.1\btemplate\bTemplate.php on line 105
[16-May-2020 03:09:18 UTC] PHP Warning:  Use of undefined constant SHOUTBOX - assumed 'SHOUTBOX' (this will throw an Error in a future version of PHP) in C:\UwAmp\www\xbtitfm3.1\blocks\ajax_shoutbox_block.php on line 63
[16-May-2020 03:09:18 UTC] PHP Deprecated:  The each() function is deprecated. This message will be suppressed on further calls in C:\UwAmp\www\xbtitfm3.1\blocks\ajax_shoutbox_block.php on line 87
[16-May-2020 03:09:18 UTC] PHP Warning:  Use of undefined constant TOP_TORRENTS - assumed 'TOP_TORRENTS' (this will throw an Error in a future version of PHP) in C:\UwAmp\www\xbtitfm3.1\blocks\toptorrents_block.php on line 41
[16-May-2020 03:09:18 UTC] PHP Deprecated:  strpos(): Non-string needles will be interpreted as strings in the future. Use an explicit chr() call to preserve the current behavior in C:\UwAmp\www\xbtitfm3.1\btemplate\bTemplate.php on line 105
[16-May-2020 03:09:18 UTC] PHP Deprecated:  strpos(): Non-string needles will be interpreted as strings in the future. Use an explicit chr() call to preserve the current behavior in C:\UwAmp\www\xbtitfm3.1\btemplate\bTemplate.php on line 105
[16-May-2020 03:11:19 UTC] PHP Deprecated:  strpos(): Non-string needles will be interpreted as strings in the future. Use an explicit chr() call to preserve the current behavior in C:\UwAmp\www\xbtitfm3.1\btemplate\bTemplate.php on line 105
[16-May-2020 03:11:19 UTC] PHP Warning:  Use of undefined constant SHOUTBOX - assumed 'SHOUTBOX' (this will throw an Error in a future version of PHP) in C:\UwAmp\www\xbtitfm3.1\blocks\ajax_shoutbox_block.php on line 63
[16-May-2020 03:11:19 UTC] PHP Deprecated:  The each() function is deprecated. This message will be suppressed on further calls in C:\UwAmp\www\xbtitfm3.1\blocks\ajax_shoutbox_block.php on line 87
[16-May-2020 03:11:19 UTC] PHP Warning:  Use of undefined constant TOP_TORRENTS - assumed 'TOP_TORRENTS' (this will throw an Error in a future version of PHP) in C:\UwAmp\www\xbtitfm3.1\blocks\toptorrents_block.php on line 41
[16-May-2020 03:11:19 UTC] PHP Deprecated:  strpos(): Non-string needles will be interpreted as strings in the future. Use an explicit chr() call to preserve the current behavior in C:\UwAmp\www\xbtitfm3.1\btemplate\bTemplate.php on line 105
[16-May-2020 03:11:19 UTC] PHP Deprecated:  strpos(): Non-string needles will be interpreted as strings in the future. Use an explicit chr() call to preserve the current behavior in C:\UwAmp\www\xbtitfm3.1\btemplate\bTemplate.php on line 105
[16-May-2020 03:12:08 UTC] PHP Deprecated:  strpos(): Non-string needles will be interpreted as strings in the future. Use an explicit chr() call to preserve the current behavior in C:\UwAmp\www\xbtitfm3.1\btemplate\bTemplate.php on line 105
[16-May-2020 03:12:08 UTC] PHP Warning:  Use of undefined constant SHOUTBOX - assumed 'SHOUTBOX' (this will throw an Error in a future version of PHP) in C:\UwAmp\www\xbtitfm3.1\blocks\ajax_shoutbox_block.php on line 63
[16-May-2020 03:12:08 UTC] PHP Deprecated:  The each() function is deprecated. This message will be suppressed on further calls in C:\UwAmp\www\xbtitfm3.1\blocks\ajax_shoutbox_block.php on line 87
[16-May-2020 03:12:08 UTC] PHP Warning:  Use of undefined constant TOP_TORRENTS - assumed 'TOP_TORRENTS' (this will throw an Error in a future version of PHP) in C:\UwAmp\www\xbtitfm3.1\blocks\toptorrents_block.php on line 41
[16-May-2020 03:12:09 UTC] PHP Deprecated:  strpos(): Non-string needles will be interpreted as strings in the future. Use an explicit chr() call to preserve the current behavior in C:\UwAmp\www\xbtitfm3.1\btemplate\bTemplate.php on line 105
[16-May-2020 03:12:09 UTC] PHP Deprecated:  strpos(): Non-string needles will be interpreted as strings in the future. Use an explicit chr() call to preserve the current behavior in C:\UwAmp\www\xbtitfm3.1\btemplate\bTemplate.php on line 105
[16-May-2020 03:20:43 UTC] PHP Warning:  session_name(): Cannot change session name when session is active in C:\UwAmp\www\xbtitfm3.1\account_change.php on line 50
[16-May-2020 03:20:44 UTC] PHP Deprecated:  strpos(): Non-string needles will be interpreted as strings in the future. Use an explicit chr() call to preserve the current behavior in C:\UwAmp\www\xbtitfm3.1\btemplate\bTemplate.php on line 105
[16-May-2020 03:20:44 UTC] PHP Warning:  Use of undefined constant SHOUTBOX - assumed 'SHOUTBOX' (this will throw an Error in a future version of PHP) in C:\UwAmp\www\xbtitfm3.1\blocks\ajax_shoutbox_block.php on line 63
[16-May-2020 03:20:44 UTC] PHP Deprecated:  The each() function is deprecated. This message will be suppressed on further calls in C:\UwAmp\www\xbtitfm3.1\blocks\ajax_shoutbox_block.php on line 87
[16-May-2020 03:20:45 UTC] PHP Warning:  Use of undefined constant TOP_TORRENTS - assumed 'TOP_TORRENTS' (this will throw an Error in a future version of PHP) in C:\UwAmp\www\xbtitfm3.1\blocks\toptorrents_block.php on line 41
[16-May-2020 03:20:45 UTC] PHP Deprecated:  strpos(): Non-string needles will be interpreted as strings in the future. Use an explicit chr() call to preserve the current behavior in C:\UwAmp\www\xbtitfm3.1\btemplate\bTemplate.php on line 105
[16-May-2020 03:20:45 UTC] PHP Deprecated:  strpos(): Non-string needles will be interpreted as strings in the future. Use an explicit chr() call to preserve the current behavior in C:\UwAmp\www\xbtitfm3.1\btemplate\bTemplate.php on line 105
[16-May-2020 03:21:10 UTC] PHP Warning:  session_name(): Cannot change session name when session is active in C:\UwAmp\www\xbtitfm3.1\account_change.php on line 50
[16-May-2020 03:21:10 UTC] PHP Deprecated:  strpos(): Non-string needles will be interpreted as strings in the future. Use an explicit chr() call to preserve the current behavior in C:\UwAmp\www\xbtitfm3.1\btemplate\bTemplate.php on line 105
[16-May-2020 03:21:10 UTC] PHP Warning:  Use of undefined constant SHOUTBOX - assumed 'SHOUTBOX' (this will throw an Error in a future version of PHP) in C:\UwAmp\www\xbtitfm3.1\blocks\ajax_shoutbox_block.php on line 63
[16-May-2020 03:21:11 UTC] PHP Deprecated:  The each() function is deprecated. This message will be suppressed on further calls in C:\UwAmp\www\xbtitfm3.1\blocks\ajax_shoutbox_block.php on line 87
[16-May-2020 03:21:11 UTC] PHP Warning:  Use of undefined constant TOP_TORRENTS - assumed 'TOP_TORRENTS' (this will throw an Error in a future version of PHP) in C:\UwAmp\www\xbtitfm3.1\blocks\toptorrents_block.php on line 41
[16-May-2020 03:21:11 UTC] PHP Deprecated:  strpos(): Non-string needles will be interpreted as strings in the future. Use an explicit chr() call to preserve the current behavior in C:\UwAmp\www\xbtitfm3.1\btemplate\bTemplate.php on line 105
[16-May-2020 03:21:11 UTC] PHP Deprecated:  strpos(): Non-string needles will be interpreted as strings in the future. Use an explicit chr() call to preserve the current behavior in C:\UwAmp\www\xbtitfm3.1\btemplate\bTemplate.php on line 105
[16-May-2020 03:21:49 UTC] PHP Warning:  session_name(): Cannot change session name when session is active in C:\UwAmp\www\xbtitfm3.1\account_change.php on line 50
[16-May-2020 03:21:50 UTC] PHP Deprecated:  strpos(): Non-string needles will be interpreted as strings in the future. Use an explicit chr() call to preserve the current behavior in C:\UwAmp\www\xbtitfm3.1\btemplate\bTemplate.php on line 105
[16-May-2020 03:21:50 UTC] PHP Warning:  Use of undefined constant SHOUTBOX - assumed 'SHOUTBOX' (this will throw an Error in a future version of PHP) in C:\UwAmp\www\xbtitfm3.1\blocks\ajax_shoutbox_block.php on line 63
[16-May-2020 03:21:50 UTC] PHP Deprecated:  The each() function is deprecated. This message will be suppressed on further calls in C:\UwAmp\www\xbtitfm3.1\blocks\ajax_shoutbox_block.php on line 87
[16-May-2020 03:21:50 UTC] PHP Warning:  Use of undefined constant TOP_TORRENTS - assumed 'TOP_TORRENTS' (this will throw an Error in a future version of PHP) in C:\UwAmp\www\xbtitfm3.1\blocks\toptorrents_block.php on line 41
[16-May-2020 03:21:50 UTC] PHP Deprecated:  strpos(): Non-string needles will be interpreted as strings in the future. Use an explicit chr() call to preserve the current behavior in C:\UwAmp\www\xbtitfm3.1\btemplate\bTemplate.php on line 105
[16-May-2020 03:21:50 UTC] PHP Deprecated:  strpos(): Non-string needles will be interpreted as strings in the future. Use an explicit chr() call to preserve the current behavior in C:\UwAmp\www\xbtitfm3.1\btemplate\bTemplate.php on line 105
[16-May-2020 03:26:18 UTC] PHP Warning:  session_name(): Cannot change session name when session is active in C:\UwAmp\www\xbtitfm3.1\account_change.php on line 50
[16-May-2020 03:26:22 UTC] PHP Deprecated:  strpos(): Non-string needles will be interpreted as strings in the future. Use an explicit chr() call to preserve the current behavior in C:\UwAmp\www\xbtitfm3.1\btemplate\bTemplate.php on line 105
[16-May-2020 03:26:22 UTC] PHP Warning:  Use of undefined constant SHOUTBOX - assumed 'SHOUTBOX' (this will throw an Error in a future version of PHP) in C:\UwAmp\www\xbtitfm3.1\blocks\ajax_shoutbox_block.php on line 63
[16-May-2020 03:26:22 UTC] PHP Deprecated:  The each() function is deprecated. This message will be suppressed on further calls in C:\UwAmp\www\xbtitfm3.1\blocks\ajax_shoutbox_block.php on line 87
[16-May-2020 03:26:23 UTC] PHP Warning:  Use of undefined constant TOP_TORRENTS - assumed 'TOP_TORRENTS' (this will throw an Error in a future version of PHP) in C:\UwAmp\www\xbtitfm3.1\blocks\toptorrents_block.php on line 41
[16-May-2020 03:26:23 UTC] PHP Deprecated:  strpos(): Non-string needles will be interpreted as strings in the future. Use an explicit chr() call to preserve the current behavior in C:\UwAmp\www\xbtitfm3.1\btemplate\bTemplate.php on line 105
[16-May-2020 03:26:23 UTC] PHP Deprecated:  strpos(): Non-string needles will be interpreted as strings in the future. Use an explicit chr() call to preserve the current behavior in C:\UwAmp\www\xbtitfm3.1\btemplate\bTemplate.php on line 105
[16-May-2020 03:26:26 UTC] PHP Deprecated:  strpos(): Non-string needles will be interpreted as strings in the future. Use an explicit chr() call to preserve the current behavior in C:\UwAmp\www\xbtitfm3.1\btemplate\bTemplate.php on line 105
[16-May-2020 03:26:26 UTC] PHP Deprecated:  strpos(): Non-string needles will be interpreted as strings in the future. Use an explicit chr() call to preserve the current behavior in C:\UwAmp\www\xbtitfm3.1\btemplate\bTemplate.php on line 105
[16-May-2020 03:26:29 UTC] PHP Warning:  session_name(): Cannot change session name when session is active in C:\UwAmp\www\xbtitfm3.1\include\crk_protection.php on line 68
[16-May-2020 03:26:34 UTC] PHP Deprecated:  strpos(): Non-string needles will be interpreted as strings in the future. Use an explicit chr() call to preserve the current behavior in C:\UwAmp\www\xbtitfm3.1\btemplate\bTemplate.php on line 105
[16-May-2020 03:26:35 UTC] PHP Deprecated:  strpos(): Non-string needles will be interpreted as strings in the future. Use an explicit chr() call to preserve the current behavior in C:\UwAmp\www\xbtitfm3.1\btemplate\bTemplate.php on line 105
[16-May-2020 03:26:35 UTC] PHP Deprecated:  strpos(): Non-string needles will be interpreted as strings in the future. Use an explicit chr() call to preserve the current behavior in C:\UwAmp\www\xbtitfm3.1\btemplate\bTemplate.php on line 105
[16-May-2020 03:28:49 UTC] PHP Deprecated:  strpos(): Non-string needles will be interpreted as strings in the future. Use an explicit chr() call to preserve the current behavior in C:\UwAmp\www\xbtitfm3.1\btemplate\bTemplate.php on line 105
[16-May-2020 03:28:49 UTC] PHP Deprecated:  strpos(): Non-string needles will be interpreted as strings in the future. Use an explicit chr() call to preserve the current behavior in C:\UwAmp\www\xbtitfm3.1\btemplate\bTemplate.php on line 105
[16-May-2020 03:28:49 UTC] PHP Deprecated:  strpos(): Non-string needles will be interpreted as strings in the future. Use an explicit chr() call to preserve the current behavior in C:\UwAmp\www\xbtitfm3.1\btemplate\bTemplate.php on line 105
[16-May-2020 03:29:12 UTC] PHP Deprecated:  strpos(): Non-string needles will be interpreted as strings in the future. Use an explicit chr() call to preserve the current behavior in C:\UwAmp\www\xbtitfm3.1\btemplate\bTemplate.php on line 105
[16-May-2020 03:29:13 UTC] PHP Deprecated:  strpos(): Non-string needles will be interpreted as strings in the future. Use an explicit chr() call to preserve the current behavior in C:\UwAmp\www\xbtitfm3.1\btemplate\bTemplate.php on line 105
[16-May-2020 03:29:13 UTC] PHP Deprecated:  strpos(): Non-string needles will be interpreted as strings in the future. Use an explicit chr() call to preserve the current behavior in C:\UwAmp\www\xbtitfm3.1\btemplate\bTemplate.php on line 105
[16-May-2020 03:29:29 UTC] PHP Deprecated:  strpos(): Non-string needles will be interpreted as strings in the future. Use an explicit chr() call to preserve the current behavior in C:\UwAmp\www\xbtitfm3.1\btemplate\bTemplate.php on line 105
[16-May-2020 03:29:30 UTC] PHP Deprecated:  strpos(): Non-string needles will be interpreted as strings in the future. Use an explicit chr() call to preserve the current behavior in C:\UwAmp\www\xbtitfm3.1\btemplate\bTemplate.php on line 105
[16-May-2020 03:29:30 UTC] PHP Deprecated:  strpos(): Non-string needles will be interpreted as strings in the future. Use an explicit chr() call to preserve the current behavior in C:\UwAmp\www\xbtitfm3.1\btemplate\bTemplate.php on line 105
[16-May-2020 03:29:46 UTC] PHP Deprecated:  strpos(): Non-string needles will be interpreted as strings in the future. Use an explicit chr() call to preserve the current behavior in C:\UwAmp\www\xbtitfm3.1\btemplate\bTemplate.php on line 105
[16-May-2020 03:29:46 UTC] PHP Deprecated:  strpos(): Non-string needles will be interpreted as strings in the future. Use an explicit chr() call to preserve the current behavior in C:\UwAmp\www\xbtitfm3.1\btemplate\bTemplate.php on line 105
[16-May-2020 03:29:46 UTC] PHP Deprecated:  strpos(): Non-string needles will be interpreted as strings in the future. Use an explicit chr() call to preserve the current behavior in C:\UwAmp\www\xbtitfm3.1\btemplate\bTemplate.php on line 105
[16-May-2020 03:32:49 UTC] PHP Warning:  session_name(): Cannot change session name when session is active in C:\UwAmp\www\xbtitfm3.1\account_change.php on line 50
[16-May-2020 03:32:50 UTC] PHP Deprecated:  strpos(): Non-string needles will be interpreted as strings in the future. Use an explicit chr() call to preserve the current behavior in C:\UwAmp\www\xbtitfm3.1\btemplate\bTemplate.php on line 105
[16-May-2020 03:32:50 UTC] PHP Deprecated:  strpos(): Non-string needles will be interpreted as strings in the future. Use an explicit chr() call to preserve the current behavior in C:\UwAmp\www\xbtitfm3.1\btemplate\bTemplate.php on line 105
[16-May-2020 03:32:50 UTC] PHP Deprecated:  strpos(): Non-string needles will be interpreted as strings in the future. Use an explicit chr() call to preserve the current behavior in C:\UwAmp\www\xbtitfm3.1\btemplate\bTemplate.php on line 105
[16-May-2020 03:33:01 UTC] PHP Deprecated:  strpos(): Non-string needles will be interpreted as strings in the future. Use an explicit chr() call to preserve the current behavior in C:\UwAmp\www\xbtitfm3.1\btemplate\bTemplate.php on line 105
[16-May-2020 03:33:02 UTC] PHP Deprecated:  strpos(): Non-string needles will be interpreted as strings in the future. Use an explicit chr() call to preserve the current behavior in C:\UwAmp\www\xbtitfm3.1\btemplate\bTemplate.php on line 105
[16-May-2020 03:33:02 UTC] PHP Deprecated:  strpos(): Non-string needles will be interpreted as strings in the future. Use an explicit chr() call to preserve the current behavior in C:\UwAmp\www\xbtitfm3.1\btemplate\bTemplate.php on line 105
[16-May-2020 03:35:26 UTC] PHP Deprecated:  strpos(): Non-string needles will be interpreted as strings in the future. Use an explicit chr() call to preserve the current behavior in C:\UwAmp\www\xbtitfm3.1\btemplate\bTemplate.php on line 105
[16-May-2020 03:35:26 UTC] PHP Deprecated:  strpos(): Non-string needles will be interpreted as strings in the future. Use an explicit chr() call to preserve the current behavior in C:\UwAmp\www\xbtitfm3.1\btemplate\bTemplate.php on line 105
[16-May-2020 03:35:26 UTC] PHP Deprecated:  strpos(): Non-string needles will be interpreted as strings in the future. Use an explicit chr() call to preserve the current behavior in C:\UwAmp\www\xbtitfm3.1\btemplate\bTemplate.php on line 105
[16-May-2020 03:35:38 UTC] PHP Deprecated:  strpos(): Non-string needles will be interpreted as strings in the future. Use an explicit chr() call to preserve the current behavior in C:\UwAmp\www\xbtitfm3.1\btemplate\bTemplate.php on line 105
[16-May-2020 03:35:38 UTC] PHP Warning:  Use of undefined constant SHOUTBOX - assumed 'SHOUTBOX' (this will throw an Error in a future version of PHP) in C:\UwAmp\www\xbtitfm3.1\blocks\ajax_shoutbox_block.php on line 63
[16-May-2020 03:35:38 UTC] PHP Deprecated:  The each() function is deprecated. This message will be suppressed on further calls in C:\UwAmp\www\xbtitfm3.1\blocks\ajax_shoutbox_block.php on line 87
[16-May-2020 03:35:38 UTC] PHP Warning:  Use of undefined constant TOP_TORRENTS - assumed 'TOP_TORRENTS' (this will throw an Error in a future version of PHP) in C:\UwAmp\www\xbtitfm3.1\blocks\toptorrents_block.php on line 41
[16-May-2020 03:35:38 UTC] PHP Deprecated:  strpos(): Non-string needles will be interpreted as strings in the future. Use an explicit chr() call to preserve the current behavior in C:\UwAmp\www\xbtitfm3.1\btemplate\bTemplate.php on line 105
[16-May-2020 03:35:38 UTC] PHP Deprecated:  strpos(): Non-string needles will be interpreted as strings in the future. Use an explicit chr() call to preserve the current behavior in C:\UwAmp\www\xbtitfm3.1\btemplate\bTemplate.php on line 105
[16-May-2020 03:38:39 UTC] PHP Warning:  session_name(): Cannot change session name when session is active in C:\UwAmp\www\xbtitfm3.1\account_change.php on line 50
[16-May-2020 03:38:40 UTC] PHP Deprecated:  strpos(): Non-string needles will be interpreted as strings in the future. Use an explicit chr() call to preserve the current behavior in C:\UwAmp\www\xbtitfm3.1\btemplate\bTemplate.php on line 105
[16-May-2020 03:38:40 UTC] PHP Warning:  Use of undefined constant SHOUTBOX - assumed 'SHOUTBOX' (this will throw an Error in a future version of PHP) in C:\UwAmp\www\xbtitfm3.1\blocks\ajax_shoutbox_block.php on line 63
[16-May-2020 03:38:40 UTC] PHP Deprecated:  The each() function is deprecated. This message will be suppressed on further calls in C:\UwAmp\www\xbtitfm3.1\blocks\ajax_shoutbox_block.php on line 87
[16-May-2020 03:38:40 UTC] PHP Warning:  Use of undefined constant TOP_TORRENTS - assumed 'TOP_TORRENTS' (this will throw an Error in a future version of PHP) in C:\UwAmp\www\xbtitfm3.1\blocks\toptorrents_block.php on line 41
[16-May-2020 03:38:40 UTC] PHP Deprecated:  strpos(): Non-string needles will be interpreted as strings in the future. Use an explicit chr() call to preserve the current behavior in C:\UwAmp\www\xbtitfm3.1\btemplate\bTemplate.php on line 105
[16-May-2020 03:38:40 UTC] PHP Deprecated:  strpos(): Non-string needles will be interpreted as strings in the future. Use an explicit chr() call to preserve the current behavior in C:\UwAmp\www\xbtitfm3.1\btemplate\bTemplate.php on line 105
[16-May-2020 03:42:21 UTC] PHP Warning:  session_name(): Cannot change session name when session is active in C:\UwAmp\www\xbtitfm3.1\account_change.php on line 50
[16-May-2020 03:42:26 UTC] PHP Deprecated:  strpos(): Non-string needles will be interpreted as strings in the future. Use an explicit chr() call to preserve the current behavior in C:\UwAmp\www\xbtitfm3.1\btemplate\bTemplate.php on line 105
[16-May-2020 03:42:26 UTC] PHP Warning:  Use of undefined constant SHOUTBOX - assumed 'SHOUTBOX' (this will throw an Error in a future version of PHP) in C:\UwAmp\www\xbtitfm3.1\blocks\ajax_shoutbox_block.php on line 63
[16-May-2020 03:42:26 UTC] PHP Deprecated:  The each() function is deprecated. This message will be suppressed on further calls in C:\UwAmp\www\xbtitfm3.1\blocks\ajax_shoutbox_block.php on line 87
[16-May-2020 03:42:27 UTC] PHP Warning:  Use of undefined constant TOP_TORRENTS - assumed 'TOP_TORRENTS' (this will throw an Error in a future version of PHP) in C:\UwAmp\www\xbtitfm3.1\blocks\toptorrents_block.php on line 41
[16-May-2020 03:42:27 UTC] PHP Deprecated:  strpos(): Non-string needles will be interpreted as strings in the future. Use an explicit chr() call to preserve the current behavior in C:\UwAmp\www\xbtitfm3.1\btemplate\bTemplate.php on line 105
[16-May-2020 03:42:27 UTC] PHP Deprecated:  strpos(): Non-string needles will be interpreted as strings in the future. Use an explicit chr() call to preserve the current behavior in C:\UwAmp\www\xbtitfm3.1\btemplate\bTemplate.php on line 105
[16-May-2020 03:42:28 UTC] PHP Warning:  session_name(): Cannot change session name when session is active in C:\UwAmp\www\xbtitfm3.1\account_change.php on line 50
[16-May-2020 03:42:28 UTC] PHP Deprecated:  strpos(): Non-string needles will be interpreted as strings in the future. Use an explicit chr() call to preserve the current behavior in C:\UwAmp\www\xbtitfm3.1\btemplate\bTemplate.php on line 105
[16-May-2020 03:42:28 UTC] PHP Warning:  Use of undefined constant SHOUTBOX - assumed 'SHOUTBOX' (this will throw an Error in a future version of PHP) in C:\UwAmp\www\xbtitfm3.1\blocks\ajax_shoutbox_block.php on line 63
[16-May-2020 03:42:28 UTC] PHP Deprecated:  The each() function is deprecated. This message will be suppressed on further calls in C:\UwAmp\www\xbtitfm3.1\blocks\ajax_shoutbox_block.php on line 87
[16-May-2020 03:42:29 UTC] PHP Warning:  Use of undefined constant TOP_TORRENTS - assumed 'TOP_TORRENTS' (this will throw an Error in a future version of PHP) in C:\UwAmp\www\xbtitfm3.1\blocks\toptorrents_block.php on line 41
[16-May-2020 03:42:29 UTC] PHP Deprecated:  strpos(): Non-string needles will be interpreted as strings in the future. Use an explicit chr() call to preserve the current behavior in C:\UwAmp\www\xbtitfm3.1\btemplate\bTemplate.php on line 105
[16-May-2020 03:42:29 UTC] PHP Deprecated:  strpos(): Non-string needles will be interpreted as strings in the future. Use an explicit chr() call to preserve the current behavior in C:\UwAmp\www\xbtitfm3.1\btemplate\bTemplate.php on line 105
[16-May-2020 03:43:26 UTC] PHP Warning:  session_name(): Cannot change session name when session is active in C:\UwAmp\www\xbtitfm3.1\account_change.php on line 50
[16-May-2020 03:43:26 UTC] PHP Deprecated:  strpos(): Non-string needles will be interpreted as strings in the future. Use an explicit chr() call to preserve the current behavior in C:\UwAmp\www\xbtitfm3.1\btemplate\bTemplate.php on line 105
[16-May-2020 03:43:26 UTC] PHP Warning:  Use of undefined constant SHOUTBOX - assumed 'SHOUTBOX' (this will throw an Error in a future version of PHP) in C:\UwAmp\www\xbtitfm3.1\blocks\ajax_shoutbox_block.php on line 63
[16-May-2020 03:43:26 UTC] PHP Deprecated:  The each() function is deprecated. This message will be suppressed on further calls in C:\UwAmp\www\xbtitfm3.1\blocks\ajax_shoutbox_block.php on line 87
[16-May-2020 03:43:26 UTC] PHP Warning:  Use of undefined constant TOP_TORRENTS - assumed 'TOP_TORRENTS' (this will throw an Error in a future version of PHP) in C:\UwAmp\www\xbtitfm3.1\blocks\toptorrents_block.php on line 41
[16-May-2020 03:43:26 UTC] PHP Deprecated:  strpos(): Non-string needles will be interpreted as strings in the future. Use an explicit chr() call to preserve the current behavior in C:\UwAmp\www\xbtitfm3.1\btemplate\bTemplate.php on line 105
[16-May-2020 03:43:26 UTC] PHP Deprecated:  strpos(): Non-string needles will be interpreted as strings in the future. Use an explicit chr() call to preserve the current behavior in C:\UwAmp\www\xbtitfm3.1\btemplate\bTemplate.php on line 105
[16-May-2020 03:56:51 UTC] PHP Warning:  session_name(): Cannot change session name when session is active in C:\UwAmp\www\xbtitfm3.1\account_change.php on line 50
[16-May-2020 03:57:00 UTC] PHP Deprecated:  strpos(): Non-string needles will be interpreted as strings in the future. Use an explicit chr() call to preserve the current behavior in C:\UwAmp\www\xbtitfm3.1\btemplate\bTemplate.php on line 105
[16-May-2020 03:57:00 UTC] PHP Warning:  Use of undefined constant SHOUTBOX - assumed 'SHOUTBOX' (this will throw an Error in a future version of PHP) in C:\UwAmp\www\xbtitfm3.1\blocks\ajax_shoutbox_block.php on line 63
[16-May-2020 03:57:00 UTC] PHP Deprecated:  The each() function is deprecated. This message will be suppressed on further calls in C:\UwAmp\www\xbtitfm3.1\blocks\ajax_shoutbox_block.php on line 87
[16-May-2020 03:57:01 UTC] PHP Warning:  Use of undefined constant TOP_TORRENTS - assumed 'TOP_TORRENTS' (this will throw an Error in a future version of PHP) in C:\UwAmp\www\xbtitfm3.1\blocks\toptorrents_block.php on line 41
[16-May-2020 03:57:02 UTC] PHP Deprecated:  strpos(): Non-string needles will be interpreted as strings in the future. Use an explicit chr() call to preserve the current behavior in C:\UwAmp\www\xbtitfm3.1\btemplate\bTemplate.php on line 105
[16-May-2020 03:57:02 UTC] PHP Deprecated:  strpos(): Non-string needles will be interpreted as strings in the future. Use an explicit chr() call to preserve the current behavior in C:\UwAmp\www\xbtitfm3.1\btemplate\bTemplate.php on line 105
[16-May-2020 04:21:05 UTC] PHP Warning:  session_name(): Cannot change session name when session is active in C:\UwAmp\www\xbtitfm3.1\account_change.php on line 50
[16-May-2020 04:21:11 UTC] PHP Deprecated:  strpos(): Non-string needles will be interpreted as strings in the future. Use an explicit chr() call to preserve the current behavior in C:\UwAmp\www\xbtitfm3.1\btemplate\bTemplate.php on line 105
[16-May-2020 04:21:11 UTC] PHP Warning:  Use of undefined constant SHOUTBOX - assumed 'SHOUTBOX' (this will throw an Error in a future version of PHP) in C:\UwAmp\www\xbtitfm3.1\blocks\ajax_shoutbox_block.php on line 63
[16-May-2020 04:21:11 UTC] PHP Deprecated:  The each() function is deprecated. This message will be suppressed on further calls in C:\UwAmp\www\xbtitfm3.1\blocks\ajax_shoutbox_block.php on line 87
[16-May-2020 04:21:12 UTC] PHP Warning:  Use of undefined constant TOP_TORRENTS - assumed 'TOP_TORRENTS' (this will throw an Error in a future version of PHP) in C:\UwAmp\www\xbtitfm3.1\blocks\toptorrents_block.php on line 41
[16-May-2020 04:21:12 UTC] PHP Deprecated:  strpos(): Non-string needles will be interpreted as strings in the future. Use an explicit chr() call to preserve the current behavior in C:\UwAmp\www\xbtitfm3.1\btemplate\bTemplate.php on line 105
[16-May-2020 04:21:12 UTC] PHP Deprecated:  strpos(): Non-string needles will be interpreted as strings in the future. Use an explicit chr() call to preserve the current behavior in C:\UwAmp\www\xbtitfm3.1\btemplate\bTemplate.php on line 105
[16-May-2020 04:36:53 UTC] PHP Deprecated:  strpos(): Non-string needles will be interpreted as strings in the future. Use an explicit chr() call to preserve the current behavior in C:\UwAmp\www\xbtitfm3.1\btemplate\bTemplate.php on line 105
[16-May-2020 04:36:54 UTC] PHP Warning:  Use of undefined constant SHOUTBOX - assumed 'SHOUTBOX' (this will throw an Error in a future version of PHP) in C:\UwAmp\www\xbtitfm3.1\blocks\ajax_shoutbox_block.php on line 63
[16-May-2020 04:36:54 UTC] PHP Deprecated:  The each() function is deprecated. This message will be suppressed on further calls in C:\UwAmp\www\xbtitfm3.1\blocks\ajax_shoutbox_block.php on line 87
[16-May-2020 04:36:54 UTC] PHP Warning:  Use of undefined constant TOP_TORRENTS - assumed 'TOP_TORRENTS' (this will throw an Error in a future version of PHP) in C:\UwAmp\www\xbtitfm3.1\blocks\toptorrents_block.php on line 41
[16-May-2020 04:36:54 UTC] PHP Deprecated:  strpos(): Non-string needles will be interpreted as strings in the future. Use an explicit chr() call to preserve the current behavior in C:\UwAmp\www\xbtitfm3.1\btemplate\bTemplate.php on line 105
[16-May-2020 04:36:54 UTC] PHP Deprecated:  strpos(): Non-string needles will be interpreted as strings in the future. Use an explicit chr() call to preserve the current behavior in C:\UwAmp\www\xbtitfm3.1\btemplate\bTemplate.php on line 105
[16-May-2020 04:37:25 UTC] PHP Deprecated:  strpos(): Non-string needles will be interpreted as strings in the future. Use an explicit chr() call to preserve the current behavior in C:\UwAmp\www\xbtitfm3.1\btemplate\bTemplate.php on line 105
[16-May-2020 04:37:25 UTC] PHP Warning:  Use of undefined constant SHOUTBOX - assumed 'SHOUTBOX' (this will throw an Error in a future version of PHP) in C:\UwAmp\www\xbtitfm3.1\blocks\ajax_shoutbox_block.php on line 63
[16-May-2020 04:37:25 UTC] PHP Deprecated:  The each() function is deprecated. This message will be suppressed on further calls in C:\UwAmp\www\xbtitfm3.1\blocks\ajax_shoutbox_block.php on line 87
[16-May-2020 04:37:25 UTC] PHP Warning:  Use of undefined constant TOP_TORRENTS - assumed 'TOP_TORRENTS' (this will throw an Error in a future version of PHP) in C:\UwAmp\www\xbtitfm3.1\blocks\toptorrents_block.php on line 41
[16-May-2020 04:37:25 UTC] PHP Deprecated:  strpos(): Non-string needles will be interpreted as strings in the future. Use an explicit chr() call to preserve the current behavior in C:\UwAmp\www\xbtitfm3.1\btemplate\bTemplate.php on line 105
[16-May-2020 04:37:26 UTC] PHP Deprecated:  strpos(): Non-string needles will be interpreted as strings in the future. Use an explicit chr() call to preserve the current behavior in C:\UwAmp\www\xbtitfm3.1\btemplate\bTemplate.php on line 105
[16-May-2020 08:43:22 UTC] PHP Deprecated:  strpos(): Non-string needles will be interpreted as strings in the future. Use an explicit chr() call to preserve the current behavior in C:\UwAmp\www\xbtitfm3.1\btemplate\bTemplate.php on line 105
[16-May-2020 08:43:23 UTC] PHP Warning:  Use of undefined constant SHOUTBOX - assumed 'SHOUTBOX' (this will throw an Error in a future version of PHP) in C:\UwAmp\www\xbtitfm3.1\blocks\ajax_shoutbox_block.php on line 63
[16-May-2020 08:43:23 UTC] PHP Deprecated:  The each() function is deprecated. This message will be suppressed on further calls in C:\UwAmp\www\xbtitfm3.1\blocks\ajax_shoutbox_block.php on line 87
[16-May-2020 08:43:24 UTC] PHP Warning:  Use of undefined constant TOP_TORRENTS - assumed 'TOP_TORRENTS' (this will throw an Error in a future version of PHP) in C:\UwAmp\www\xbtitfm3.1\blocks\toptorrents_block.php on line 41
[16-May-2020 08:43:24 UTC] PHP Deprecated:  strpos(): Non-string needles will be interpreted as strings in the future. Use an explicit chr() call to preserve the current behavior in C:\UwAmp\www\xbtitfm3.1\btemplate\bTemplate.php on line 105
[16-May-2020 08:43:25 UTC] PHP Deprecated:  strpos(): Non-string needles will be interpreted as strings in the future. Use an explicit chr() call to preserve the current behavior in C:\UwAmp\www\xbtitfm3.1\btemplate\bTemplate.php on line 105
[16-May-2020 08:43:30 UTC] PHP Deprecated:  strpos(): Non-string needles will be interpreted as strings in the future. Use an explicit chr() call to preserve the current behavior in C:\UwAmp\www\xbtitfm3.1\btemplate\bTemplate.php on line 105
[16-May-2020 08:43:30 UTC] PHP Warning:  Use of undefined constant SHOUTBOX - assumed 'SHOUTBOX' (this will throw an Error in a future version of PHP) in C:\UwAmp\www\xbtitfm3.1\blocks\ajax_shoutbox_block.php on line 63
[16-May-2020 08:43:30 UTC] PHP Deprecated:  The each() function is deprecated. This message will be suppressed on further calls in C:\UwAmp\www\xbtitfm3.1\blocks\ajax_shoutbox_block.php on line 87
[16-May-2020 08:43:30 UTC] PHP Warning:  Use of undefined constant TOP_TORRENTS - assumed 'TOP_TORRENTS' (this will throw an Error in a future version of PHP) in C:\UwAmp\www\xbtitfm3.1\blocks\toptorrents_block.php on line 41
[16-May-2020 08:43:30 UTC] PHP Deprecated:  strpos(): Non-string needles will be interpreted as strings in the future. Use an explicit chr() call to preserve the current behavior in C:\UwAmp\www\xbtitfm3.1\btemplate\bTemplate.php on line 105
[16-May-2020 08:43:30 UTC] PHP Deprecated:  strpos(): Non-string needles will be interpreted as strings in the future. Use an explicit chr() call to preserve the current behavior in C:\UwAmp\www\xbtitfm3.1\btemplate\bTemplate.php on line 105
