[27-May-2020 10:00:38 UTC] PHP Warning:  session_name(): Cannot change session name when session is active in C:\UwAmp\www\xbtitfm3.1\blocks\mainusertoolbar_block.php on line 359
[27-May-2020 10:00:38 UTC] PHP Warning:  Use of undefined constant enabled - assumed 'enabled' (this will throw an Error in a future version of PHP) in C:\UwAmp\www\xbtitfm3.1\blocks\mainusertoolbar_block.php on line 384
[27-May-2020 10:00:38 UTC] PHP Warning:  Use of undefined constant enabled - assumed 'enabled' (this will throw an Error in a future version of PHP) in C:\UwAmp\www\xbtitfm3.1\blocks\mainusertoolbar_block.php on line 390
[27-May-2020 10:00:40 UTC] PHP Deprecated:  strpos(): Non-string needles will be interpreted as strings in the future. Use an explicit chr() call to preserve the current behavior in C:\UwAmp\www\xbtitfm3.1\btemplate\bTemplate.php on line 105
[27-May-2020 10:00:40 UTC] PHP Deprecated:  strpos(): Non-string needles will be interpreted as strings in the future. Use an explicit chr() call to preserve the current behavior in C:\UwAmp\www\xbtitfm3.1\btemplate\bTemplate.php on line 105
[27-May-2020 10:01:15 UTC] PHP Warning:  session_name(): Cannot change session name when session is active in C:\UwAmp\www\xbtitfm3.1\blocks\mainusertoolbar_block.php on line 359
[27-May-2020 10:01:15 UTC] PHP Warning:  Use of undefined constant enabled - assumed 'enabled' (this will throw an Error in a future version of PHP) in C:\UwAmp\www\xbtitfm3.1\blocks\mainusertoolbar_block.php on line 384
[27-May-2020 10:01:15 UTC] PHP Warning:  Use of undefined constant enabled - assumed 'enabled' (this will throw an Error in a future version of PHP) in C:\UwAmp\www\xbtitfm3.1\blocks\mainusertoolbar_block.php on line 390
[27-May-2020 10:01:28 UTC] PHP Deprecated:  strpos(): Non-string needles will be interpreted as strings in the future. Use an explicit chr() call to preserve the current behavior in C:\UwAmp\www\xbtitfm3.1\btemplate\bTemplate.php on line 105
[27-May-2020 10:01:29 UTC] PHP Warning:  Use of undefined constant SHOUTBOX - assumed 'SHOUTBOX' (this will throw an Error in a future version of PHP) in C:\UwAmp\www\xbtitfm3.1\blocks\ajax_shoutbox_block.php on line 63
[27-May-2020 10:01:30 UTC] PHP Deprecated:  The each() function is deprecated. This message will be suppressed on further calls in C:\UwAmp\www\xbtitfm3.1\blocks\ajax_shoutbox_block.php on line 87
[27-May-2020 10:01:32 UTC] PHP Warning:  Use of undefined constant TOP_TORRENTS - assumed 'TOP_TORRENTS' (this will throw an Error in a future version of PHP) in C:\UwAmp\www\xbtitfm3.1\blocks\toptorrents_block.php on line 41
[27-May-2020 10:01:32 UTC] PHP Deprecated:  strpos(): Non-string needles will be interpreted as strings in the future. Use an explicit chr() call to preserve the current behavior in C:\UwAmp\www\xbtitfm3.1\btemplate\bTemplate.php on line 105
[27-May-2020 10:01:32 UTC] PHP Deprecated:  strpos(): Non-string needles will be interpreted as strings in the future. Use an explicit chr() call to preserve the current behavior in C:\UwAmp\www\xbtitfm3.1\btemplate\bTemplate.php on line 105
[27-May-2020 10:01:48 UTC] PHP Deprecated:  strpos(): Non-string needles will be interpreted as strings in the future. Use an explicit chr() call to preserve the current behavior in C:\UwAmp\www\xbtitfm3.1\btemplate\bTemplate.php on line 105
[27-May-2020 10:01:48 UTC] PHP Warning:  Use of undefined constant SHOUTBOX - assumed 'SHOUTBOX' (this will throw an Error in a future version of PHP) in C:\UwAmp\www\xbtitfm3.1\blocks\ajax_shoutbox_block.php on line 63
[27-May-2020 10:01:48 UTC] PHP Deprecated:  The each() function is deprecated. This message will be suppressed on further calls in C:\UwAmp\www\xbtitfm3.1\blocks\ajax_shoutbox_block.php on line 87
[27-May-2020 10:01:48 UTC] PHP Warning:  Use of undefined constant TOP_TORRENTS - assumed 'TOP_TORRENTS' (this will throw an Error in a future version of PHP) in C:\UwAmp\www\xbtitfm3.1\blocks\toptorrents_block.php on line 41
[27-May-2020 10:01:48 UTC] PHP Deprecated:  strpos(): Non-string needles will be interpreted as strings in the future. Use an explicit chr() call to preserve the current behavior in C:\UwAmp\www\xbtitfm3.1\btemplate\bTemplate.php on line 105
[27-May-2020 10:01:48 UTC] PHP Deprecated:  strpos(): Non-string needles will be interpreted as strings in the future. Use an explicit chr() call to preserve the current behavior in C:\UwAmp\www\xbtitfm3.1\btemplate\bTemplate.php on line 105
[27-May-2020 10:02:08 UTC] PHP Warning:  session_name(): Cannot change session name when session is active in C:\UwAmp\www\xbtitfm3.1\account_change.php on line 50
[27-May-2020 10:02:10 UTC] PHP Deprecated:  strpos(): Non-string needles will be interpreted as strings in the future. Use an explicit chr() call to preserve the current behavior in C:\UwAmp\www\xbtitfm3.1\btemplate\bTemplate.php on line 105
[27-May-2020 10:02:10 UTC] PHP Warning:  Use of undefined constant SHOUTBOX - assumed 'SHOUTBOX' (this will throw an Error in a future version of PHP) in C:\UwAmp\www\xbtitfm3.1\blocks\ajax_shoutbox_block.php on line 63
[27-May-2020 10:02:10 UTC] PHP Deprecated:  The each() function is deprecated. This message will be suppressed on further calls in C:\UwAmp\www\xbtitfm3.1\blocks\ajax_shoutbox_block.php on line 87
[27-May-2020 10:02:11 UTC] PHP Warning:  Use of undefined constant TOP_TORRENTS - assumed 'TOP_TORRENTS' (this will throw an Error in a future version of PHP) in C:\UwAmp\www\xbtitfm3.1\blocks\toptorrents_block.php on line 41
[27-May-2020 10:02:11 UTC] PHP Deprecated:  strpos(): Non-string needles will be interpreted as strings in the future. Use an explicit chr() call to preserve the current behavior in C:\UwAmp\www\xbtitfm3.1\btemplate\bTemplate.php on line 105
[27-May-2020 10:02:11 UTC] PHP Deprecated:  strpos(): Non-string needles will be interpreted as strings in the future. Use an explicit chr() call to preserve the current behavior in C:\UwAmp\www\xbtitfm3.1\btemplate\bTemplate.php on line 105
[27-May-2020 10:05:54 UTC] PHP Warning:  session_name(): Cannot change session name when session is active in C:\UwAmp\www\xbtitfm3.1\account_change.php on line 50
[27-May-2020 10:05:56 UTC] PHP Deprecated:  strpos(): Non-string needles will be interpreted as strings in the future. Use an explicit chr() call to preserve the current behavior in C:\UwAmp\www\xbtitfm3.1\btemplate\bTemplate.php on line 105
[27-May-2020 10:05:56 UTC] PHP Warning:  Use of undefined constant SHOUTBOX - assumed 'SHOUTBOX' (this will throw an Error in a future version of PHP) in C:\UwAmp\www\xbtitfm3.1\blocks\ajax_shoutbox_block.php on line 63
[27-May-2020 10:05:56 UTC] PHP Deprecated:  The each() function is deprecated. This message will be suppressed on further calls in C:\UwAmp\www\xbtitfm3.1\blocks\ajax_shoutbox_block.php on line 87
[27-May-2020 10:05:57 UTC] PHP Warning:  Use of undefined constant TOP_TORRENTS - assumed 'TOP_TORRENTS' (this will throw an Error in a future version of PHP) in C:\UwAmp\www\xbtitfm3.1\blocks\toptorrents_block.php on line 41
[27-May-2020 10:05:57 UTC] PHP Deprecated:  strpos(): Non-string needles will be interpreted as strings in the future. Use an explicit chr() call to preserve the current behavior in C:\UwAmp\www\xbtitfm3.1\btemplate\bTemplate.php on line 105
[27-May-2020 10:05:57 UTC] PHP Deprecated:  strpos(): Non-string needles will be interpreted as strings in the future. Use an explicit chr() call to preserve the current behavior in C:\UwAmp\www\xbtitfm3.1\btemplate\bTemplate.php on line 105
